C:\Users\Kasia\source\repos\BookingFAQAngular\BookingFAQAngular\BookingFAQAngular\app\Cathegory.js
C:\Users\Kasia\source\repos\BookingFAQAngular\BookingFAQAngular\BookingFAQAngular\app\Cathegory.js.map
C:\Users\Kasia\source\repos\BookingFAQAngular\BookingFAQAngular\BookingFAQAngular\app\Question.js
C:\Users\Kasia\source\repos\BookingFAQAngular\BookingFAQAngular\BookingFAQAngular\app\Question.js.map
C:\Users\Kasia\source\repos\BookingFAQAngular\BookingFAQAngular\BookingFAQAngular\app\showAllCathegories.js
C:\Users\Kasia\source\repos\BookingFAQAngular\BookingFAQAngular\BookingFAQAngular\app\showAllCathegories.js.map
C:\Users\Kasia\source\repos\BookingFAQAngular\BookingFAQAngular\BookingFAQAngular\app\app.module.js
C:\Users\Kasia\source\repos\BookingFAQAngular\BookingFAQAngular\BookingFAQAngular\app\app.module.js.map
C:\Users\Kasia\source\repos\BookingFAQAngular\BookingFAQAngular\BookingFAQAngular\app\main.js
C:\Users\Kasia\source\repos\BookingFAQAngular\BookingFAQAngular\BookingFAQAngular\app\main.js.map
C:\Users\Kasia\source\repos\BookingFAQAngular\BookingFAQAngular\BookingFAQAngular\app\Cathegory.js
C:\Users\Kasia\source\repos\BookingFAQAngular\BookingFAQAngular\BookingFAQAngular\app\Cathegory.js.map
C:\Users\Kasia\source\repos\BookingFAQAngular\BookingFAQAngular\BookingFAQAngular\app\Question.js
C:\Users\Kasia\source\repos\BookingFAQAngular\BookingFAQAngular\BookingFAQAngular\app\Question.js.map
C:\Users\Kasia\source\repos\BookingFAQAngular\BookingFAQAngular\BookingFAQAngular\app\showAllCathegories.js
C:\Users\Kasia\source\repos\BookingFAQAngular\BookingFAQAngular\BookingFAQAngular\app\showAllCathegories.js.map
C:\Users\Kasia\source\repos\BookingFAQAngular\BookingFAQAngular\BookingFAQAngular\app\app.module.js
C:\Users\Kasia\source\repos\BookingFAQAngular\BookingFAQAngular\BookingFAQAngular\app\app.module.js.map
C:\Users\Kasia\source\repos\BookingFAQAngular\BookingFAQAngular\BookingFAQAngular\app\main.js
C:\Users\Kasia\source\repos\BookingFAQAngular\BookingFAQAngular\BookingFAQAngular\app\main.js.map
C:\Users\Kasia\source\repos\BookingFAQAngular\BookingFAQAngular\BookingFAQAngular\app\Cathegory.js
C:\Users\Kasia\source\repos\BookingFAQAngular\BookingFAQAngular\BookingFAQAngular\app\Cathegory.js.map
C:\Users\Kasia\source\repos\BookingFAQAngular\BookingFAQAngular\BookingFAQAngular\app\Question.js
C:\Users\Kasia\source\repos\BookingFAQAngular\BookingFAQAngular\BookingFAQAngular\app\Question.js.map
C:\Users\Kasia\source\repos\BookingFAQAngular\BookingFAQAngular\BookingFAQAngular\app\showAllCathegories.js
C:\Users\Kasia\source\repos\BookingFAQAngular\BookingFAQAngular\BookingFAQAngular\app\showAllCathegories.js.map
C:\Users\Kasia\source\repos\BookingFAQAngular\BookingFAQAngular\BookingFAQAngular\app\app.module.js
C:\Users\Kasia\source\repos\BookingFAQAngular\BookingFAQAngular\BookingFAQAngular\app\app.module.js.map
C:\Users\Kasia\source\repos\BookingFAQAngular\BookingFAQAngular\BookingFAQAngular\app\main.js
C:\Users\Kasia\source\repos\BookingFAQAngular\BookingFAQAngular\BookingFAQAngular\app\main.js.map
C:\Users\Kasia\source\repos\BookingFAQAngular\BookingFAQAngular\BookingFAQAngular\app\Cathegory.js
C:\Users\Kasia\source\repos\BookingFAQAngular\BookingFAQAngular\BookingFAQAngular\app\Cathegory.js.map
C:\Users\Kasia\source\repos\BookingFAQAngular\BookingFAQAngular\BookingFAQAngular\app\Question.js
C:\Users\Kasia\source\repos\BookingFAQAngular\BookingFAQAngular\BookingFAQAngular\app\Question.js.map
C:\Users\Kasia\source\repos\BookingFAQAngular\BookingFAQAngular\BookingFAQAngular\app\showAllCathegories.js
C:\Users\Kasia\source\repos\BookingFAQAngular\BookingFAQAngular\BookingFAQAngular\app\showAllCathegories.js.map
C:\Users\Kasia\source\repos\BookingFAQAngular\BookingFAQAngular\BookingFAQAngular\app\app.module.js
C:\Users\Kasia\source\repos\BookingFAQAngular\BookingFAQAngular\BookingFAQAngular\app\app.module.js.map
C:\Users\Kasia\source\repos\BookingFAQAngular\BookingFAQAngular\BookingFAQAngular\app\main.js
C:\Users\Kasia\source\repos\BookingFAQAngular\BookingFAQAngular\BookingFAQAngular\app\main.js.map
C:\Users\Kasia\source\repos\BookingFAQAngular\BookingFAQAngular\BookingFAQAngular\app\Cathegory.js
C:\Users\Kasia\source\repos\BookingFAQAngular\BookingFAQAngular\BookingFAQAngular\app\Cathegory.js.map
C:\Users\Kasia\source\repos\BookingFAQAngular\BookingFAQAngular\BookingFAQAngular\app\Question.js
C:\Users\Kasia\source\repos\BookingFAQAngular\BookingFAQAngular\BookingFAQAngular\app\Question.js.map
C:\Users\Kasia\source\repos\BookingFAQAngular\BookingFAQAngular\BookingFAQAngular\app\showAllCathegories.js
C:\Users\Kasia\source\repos\BookingFAQAngular\BookingFAQAngular\BookingFAQAngular\app\showAllCathegories.js.map
C:\Users\Kasia\source\repos\BookingFAQAngular\BookingFAQAngular\BookingFAQAngular\app\app.module.js
C:\Users\Kasia\source\repos\BookingFAQAngular\BookingFAQAngular\BookingFAQAngular\app\app.module.js.map
C:\Users\Kasia\source\repos\BookingFAQAngular\BookingFAQAngular\BookingFAQAngular\app\main.js
C:\Users\Kasia\source\repos\BookingFAQAngular\BookingFAQAngular\BookingFAQAngular\app\main.js.map
C:\Users\Kasia\source\repos\BookingFAQAngular\BookingFAQAngular\BookingFAQAngular\app\Cathegory.js
C:\Users\Kasia\source\repos\BookingFAQAngular\BookingFAQAngular\BookingFAQAngular\app\Cathegory.js.map
C:\Users\Kasia\source\repos\BookingFAQAngular\BookingFAQAngular\BookingFAQAngular\app\Question.js
C:\Users\Kasia\source\repos\BookingFAQAngular\BookingFAQAngular\BookingFAQAngular\app\Question.js.map
C:\Users\Kasia\source\repos\BookingFAQAngular\BookingFAQAngular\BookingFAQAngular\app\showAllCathegories.js
C:\Users\Kasia\source\repos\BookingFAQAngular\BookingFAQAngular\BookingFAQAngular\app\showAllCathegories.js.map
C:\Users\Kasia\source\repos\BookingFAQAngular\BookingFAQAngular\BookingFAQAngular\app\app.module.js
C:\Users\Kasia\source\repos\BookingFAQAngular\BookingFAQAngular\BookingFAQAngular\app\app.module.js.map
C:\Users\Kasia\source\repos\BookingFAQAngular\BookingFAQAngular\BookingFAQAngular\app\main.js
C:\Users\Kasia\source\repos\BookingFAQAngular\BookingFAQAngular\BookingFAQAngular\app\main.js.map
C:\Users\Kasia\source\repos\BookingFAQAngular\BookingFAQAngular\BookingFAQAngular\app\Cathegory.js
C:\Users\Kasia\source\repos\BookingFAQAngular\BookingFAQAngular\BookingFAQAngular\app\Cathegory.js.map
C:\Users\Kasia\source\repos\BookingFAQAngular\BookingFAQAngular\BookingFAQAngular\app\Question.js
C:\Users\Kasia\source\repos\BookingFAQAngular\BookingFAQAngular\BookingFAQAngular\app\Question.js.map
C:\Users\Kasia\source\repos\BookingFAQAngular\BookingFAQAngular\BookingFAQAngular\app\showAllCathegories.js
C:\Users\Kasia\source\repos\BookingFAQAngular\BookingFAQAngular\BookingFAQAngular\app\showAllCathegories.js.map
C:\Users\Kasia\source\repos\BookingFAQAngular\BookingFAQAngular\BookingFAQAngular\app\app.module.js
C:\Users\Kasia\source\repos\BookingFAQAngular\BookingFAQAngular\BookingFAQAngular\app\app.module.js.map
C:\Users\Kasia\source\repos\BookingFAQAngular\BookingFAQAngular\BookingFAQAngular\app\main.js
C:\Users\Kasia\source\repos\BookingFAQAngular\BookingFAQAngular\BookingFAQAngular\app\main.js.map
C:\Users\Kasia\source\repos\BookingFAQAngular\BookingFAQAngular\BookingFAQAngular\app\Cathegory.js
C:\Users\Kasia\source\repos\BookingFAQAngular\BookingFAQAngular\BookingFAQAngular\app\Cathegory.js.map
C:\Users\Kasia\source\repos\BookingFAQAngular\BookingFAQAngular\BookingFAQAngular\app\Question.js
C:\Users\Kasia\source\repos\BookingFAQAngular\BookingFAQAngular\BookingFAQAngular\app\Question.js.map
C:\Users\Kasia\source\repos\BookingFAQAngular\BookingFAQAngular\BookingFAQAngular\app\showAllCathegories.js
C:\Users\Kasia\source\repos\BookingFAQAngular\BookingFAQAngular\BookingFAQAngular\app\showAllCathegories.js.map
C:\Users\Kasia\source\repos\BookingFAQAngular\BookingFAQAngular\BookingFAQAngular\app\app.module.js
C:\Users\Kasia\source\repos\BookingFAQAngular\BookingFAQAngular\BookingFAQAngular\app\app.module.js.map
C:\Users\Kasia\source\repos\BookingFAQAngular\BookingFAQAngular\BookingFAQAngular\app\main.js
C:\Users\Kasia\source\repos\BookingFAQAngular\BookingFAQAngular\BookingFAQAngular\app\main.js.map
C:\Users\Kasia\source\repos\BookingFAQAngular\BookingFAQAngular\BookingFAQAngular\app\Cathegory.js
C:\Users\Kasia\source\repos\BookingFAQAngular\BookingFAQAngular\BookingFAQAngular\app\Cathegory.js.map
C:\Users\Kasia\source\repos\BookingFAQAngular\BookingFAQAngular\BookingFAQAngular\app\Question.js
C:\Users\Kasia\source\repos\BookingFAQAngular\BookingFAQAngular\BookingFAQAngular\app\Question.js.map
C:\Users\Kasia\source\repos\BookingFAQAngular\BookingFAQAngular\BookingFAQAngular\app\showAllCathegories.js
C:\Users\Kasia\source\repos\BookingFAQAngular\BookingFAQAngular\BookingFAQAngular\app\showAllCathegories.js.map
C:\Users\Kasia\source\repos\BookingFAQAngular\BookingFAQAngular\BookingFAQAngular\app\app.module.js
C:\Users\Kasia\source\repos\BookingFAQAngular\BookingFAQAngular\BookingFAQAngular\app\app.module.js.map
C:\Users\Kasia\source\repos\BookingFAQAngular\BookingFAQAngular\BookingFAQAngular\app\main.js
C:\Users\Kasia\source\repos\BookingFAQAngular\BookingFAQAngular\BookingFAQAngular\app\main.js.map
C:\Users\Kasia\source\repos\BookingFAQAngular\BookingFAQAngular\BookingFAQAngular\app\Cathegory.js
C:\Users\Kasia\source\repos\BookingFAQAngular\BookingFAQAngular\BookingFAQAngular\app\Cathegory.js.map
C:\Users\Kasia\source\repos\BookingFAQAngular\BookingFAQAngular\BookingFAQAngular\app\Question.js
C:\Users\Kasia\source\repos\BookingFAQAngular\BookingFAQAngular\BookingFAQAngular\app\Question.js.map
C:\Users\Kasia\source\repos\BookingFAQAngular\BookingFAQAngular\BookingFAQAngular\app\showAllCathegories.js
C:\Users\Kasia\source\repos\BookingFAQAngular\BookingFAQAngular\BookingFAQAngular\app\showAllCathegories.js.map
C:\Users\Kasia\source\repos\BookingFAQAngular\BookingFAQAngular\BookingFAQAngular\app\app.module.js
C:\Users\Kasia\source\repos\BookingFAQAngular\BookingFAQAngular\BookingFAQAngular\app\app.module.js.map
C:\Users\Kasia\source\repos\BookingFAQAngular\BookingFAQAngular\BookingFAQAngular\app\main.js
C:\Users\Kasia\source\repos\BookingFAQAngular\BookingFAQAngular\BookingFAQAngular\app\main.js.map
C:\Users\Kasia\source\repos\BookingFAQAngular\BookingFAQAngular\BookingFAQAngular\app\Cathegory.js
C:\Users\Kasia\source\repos\BookingFAQAngular\BookingFAQAngular\BookingFAQAngular\app\Cathegory.js.map
C:\Users\Kasia\source\repos\BookingFAQAngular\BookingFAQAngular\BookingFAQAngular\app\Question.js
C:\Users\Kasia\source\repos\BookingFAQAngular\BookingFAQAngular\BookingFAQAngular\app\Question.js.map
C:\Users\Kasia\source\repos\BookingFAQAngular\BookingFAQAngular\BookingFAQAngular\app\showAllCathegories.js
C:\Users\Kasia\source\repos\BookingFAQAngular\BookingFAQAngular\BookingFAQAngular\app\showAllCathegories.js.map
C:\Users\Kasia\source\repos\BookingFAQAngular\BookingFAQAngular\BookingFAQAngular\app\app.module.js
C:\Users\Kasia\source\repos\BookingFAQAngular\BookingFAQAngular\BookingFAQAngular\app\app.module.js.map
C:\Users\Kasia\source\repos\BookingFAQAngular\BookingFAQAngular\BookingFAQAngular\app\main.js
C:\Users\Kasia\source\repos\BookingFAQAngular\BookingFAQAngular\BookingFAQAngular\app\main.js.map
